[05:37:58] [ServerMain/INFO]: Environment: authHost='https://authserver.mojang.com', accountsHost='https://api.mojang.com', sessionHost='https://sessionserver.mojang.com', servicesHost='https://api.minecraftservices.com', name='PROD'
[05:37:59] [ServerMain/WARN]: Ambiguity between arguments [teleport, location] and [teleport, destination] with inputs: [0.1 -0.5 .9, 0 0 0]
[05:37:59] [ServerMain/WARN]: Ambiguity between arguments [teleport, location] and [teleport, targets] with inputs: [0.1 -0.5 .9, 0 0 0]
[05:37:59] [ServerMain/WARN]: Ambiguity between arguments [teleport, destination] and [teleport, targets] with inputs: [Player, 0123, @e, dd12be42-52a9-4a91-a8a1-11c01849e498]
[05:37:59] [ServerMain/WARN]: Ambiguity between arguments [teleport, targets] and [teleport, destination] with inputs: [Player, 0123, dd12be42-52a9-4a91-a8a1-11c01849e498]
[05:37:59] [ServerMain/WARN]: Ambiguity between arguments [teleport, targets, location] and [teleport, targets, destination] with inputs: [0.1 -0.5 .9, 0 0 0]
[05:37:59] [ServerMain/INFO]: Reloading ResourceManager: Default
[05:38:01] [Worker-Main-4/INFO]: Loaded 7 recipes
[05:38:01] [Worker-Main-4/INFO]: Loaded 1141 advancements
[05:38:05] [Server thread/INFO]: Starting minecraft server version 1.18
[05:38:05] [Server thread/INFO]: Loading properties
[05:38:05] [Server thread/INFO]: Default game type: SURVIVAL
[05:38:05] [Server thread/INFO]: Generating keypair
[05:38:05] [Server thread/INFO]: Starting Minecraft server on *:25565
[05:38:06] [Server thread/INFO]: Using epoll channel type
[05:38:06] [Server thread/WARN]: **** SERVER IS RUNNING IN OFFLINE/INSECURE MODE!
[05:38:06] [Server thread/WARN]: The server will make no attempt to authenticate usernames. Beware.
[05:38:06] [Server thread/WARN]: While this makes the game possible to play without internet access, it also opens up the ability for hackers to connect with any username they choose.
[05:38:06] [Server thread/WARN]: To change this, set "online-mode" to "true" in the server.properties file.
[05:38:06] [Server thread/INFO]: Preparing level "world"
[05:38:06] [Server thread/INFO]: Preparing start region for dimension minecraft:overworld
[05:38:08] [Worker-Main-6/INFO]: Preparing spawn area: 0%
[05:38:08] [Worker-Main-5/INFO]: Preparing spawn area: 0%
[05:38:08] [Worker-Main-4/INFO]: Preparing spawn area: 0%
[05:38:08] [Worker-Main-6/INFO]: Preparing spawn area: 0%
[05:38:09] [Worker-Main-4/INFO]: Preparing spawn area: 0%
[05:38:09] [Worker-Main-4/INFO]: Preparing spawn area: 0%
[05:38:09] [Worker-Main-6/INFO]: Preparing spawn area: 0%
[05:38:09] [Worker-Main-6/INFO]: Preparing spawn area: 0%
[05:38:10] [Worker-Main-5/INFO]: Preparing spawn area: 0%
[05:38:10] [Worker-Main-5/INFO]: Preparing spawn area: 0%
[05:38:11] [Worker-Main-4/INFO]: Preparing spawn area: 0%
[05:38:11] [Worker-Main-6/INFO]: Preparing spawn area: 0%
[05:38:12] [Worker-Main-6/INFO]: Preparing spawn area: 0%
[05:38:12] [Worker-Main-4/INFO]: Preparing spawn area: 0%
[05:38:13] [Worker-Main-6/INFO]: Preparing spawn area: 0%
[05:38:14] [Worker-Main-6/INFO]: Preparing spawn area: 2%
[05:38:14] [Worker-Main-4/INFO]: Preparing spawn area: 4%
[05:38:14] [Worker-Main-6/INFO]: Preparing spawn area: 4%
[05:38:15] [Worker-Main-4/INFO]: Preparing spawn area: 4%
[05:38:15] [Worker-Main-6/INFO]: Preparing spawn area: 5%
[05:38:20] [Worker-Main-4/INFO]: Preparing spawn area: 5%
[05:38:20] [Worker-Main-6/INFO]: Preparing spawn area: 5%
[05:38:20] [Worker-Main-6/INFO]: Preparing spawn area: 5%
[05:38:20] [Worker-Main-6/INFO]: Preparing spawn area: 6%
[05:38:20] [Worker-Main-6/INFO]: Preparing spawn area: 6%
[05:38:20] [Worker-Main-6/INFO]: Preparing spawn area: 6%
[05:38:20] [Worker-Main-6/INFO]: Preparing spawn area: 6%
[05:38:20] [Worker-Main-6/INFO]: Preparing spawn area: 6%
[05:38:20] [Worker-Main-6/INFO]: Preparing spawn area: 7%
[05:38:21] [Worker-Main-5/INFO]: Preparing spawn area: 18%
[05:38:21] [Worker-Main-6/INFO]: Preparing spawn area: 18%
[05:38:21] [Worker-Main-5/INFO]: Preparing spawn area: 42%
[05:38:22] [Worker-Main-6/INFO]: Preparing spawn area: 78%
[05:38:22] [Worker-Main-6/INFO]: Preparing spawn area: 85%
[05:38:23] [Server thread/INFO]: Time elapsed: 16743 ms
[05:38:23] [Server thread/INFO]: Done (16.865s)! For help, type "help"
[05:38:58] [Server thread/INFO]: /advancement (grant|revoke)
[05:38:58] [Server thread/INFO]: /attribute <target> <attribute> (get|base|modifier)
[05:38:58] [Server thread/INFO]: /execute (run|if|unless|as|at|store|positioned|rotated|facing|align|anchored|in)
[05:38:58] [Server thread/INFO]: /bossbar (add|remove|list|set|get)
[05:38:58] [Server thread/INFO]: /clear [<targets>]
[05:38:58] [Server thread/INFO]: /clone <begin> <end> <destination> [replace|masked|filtered]
[05:38:58] [Server thread/INFO]: /data (merge|get|remove|modify)
[05:38:58] [Server thread/INFO]: /datapack (enable|disable|list)
[05:38:58] [Server thread/INFO]: /debug (start|stop|function)
[05:38:58] [Server thread/INFO]: /defaultgamemode (survival|creative|adventure|spectator)
[05:38:58] [Server thread/INFO]: /difficulty [peaceful|easy|normal|hard]
[05:38:58] [Server thread/INFO]: /effect (clear|give)
[05:38:58] [Server thread/INFO]: /me <action>
[05:38:58] [Server thread/INFO]: /enchant <targets> <enchantment> [<level>]
[05:38:58] [Server thread/INFO]: /experience (add|set|query)
[05:38:58] [Server thread/INFO]: /xp -> experience
[05:38:58] [Server thread/INFO]: /fill <from> <to> <block> [replace|keep|outline|hollow|destroy]
[05:38:58] [Server thread/INFO]: /forceload (add|remove|query)
[05:38:58] [Server thread/INFO]: /function <name>
[05:38:58] [Server thread/INFO]: /gamemode (survival|creative|adventure|spectator)
[05:38:58] [Server thread/INFO]: /gamerule (announceAdvancements|commandBlockOutput|disableElytraMovementCheck|disableRaids|doDaylightCycle|doEntityDrops|doFireTick|doImmediateRespawn|doInsomnia|doLimitedCrafting|doMobLoot|doMobSpawning|doPatrolSpawning|doTileDrops|doTraderSpawning|doWeatherCycle|drowningDamage|fallDamage|fireDamage|forgiveDeadPlayers|freezeDamage|keepInventory|logAdminCommands|maxCommandChainLength|maxEntityCramming|mobGriefing|naturalRegeneration|playersSleepingPercentage|randomTickSpeed|reducedDebugInfo|sendCommandFeedback|showDeathMessages|spawnRadius|spectatorsGenerateChunks|universalAnger)
[05:38:58] [Server thread/INFO]: /give <targets> <item> [<count>]
[05:38:58] [Server thread/INFO]: /help [<command>]
[05:38:58] [Server thread/INFO]: /item (replace|modify)
[05:38:58] [Server thread/INFO]: /kick <targets> [<reason>]
[05:38:58] [Server thread/INFO]: /kill [<targets>]
[05:38:58] [Server thread/INFO]: /list [uuids]
[05:38:58] [Server thread/INFO]: /locate (pillager_outpost|mineshaft|mansion|jungle_pyramid|desert_pyramid|igloo|ruined_portal|shipwreck|swamp_hut|stronghold|monument|ocean_ruin|fortress|endcity|buried_treasure|village|nether_fossil|bastion_remnant)
[05:38:58] [Server thread/INFO]: /locatebiome <biome>
[05:38:58] [Server thread/INFO]: /loot (replace|insert|give|spawn)
[05:38:58] [Server thread/INFO]: /msg <targets> <message>
[05:38:58] [Server thread/INFO]: /tell -> msg
[05:38:58] [Server thread/INFO]: /w -> msg
[05:38:58] [Server thread/INFO]: /particle <name> [<pos>]
[05:38:58] [Server thread/INFO]: /playsound <sound> (master|music|record|weather|block|hostile|neutral|player|ambient|voice)
[05:38:58] [Server thread/INFO]: /reload
[05:38:58] [Server thread/INFO]: /recipe (give|take)
[05:38:58] [Server thread/INFO]: /say <message>
[05:38:58] [Server thread/INFO]: /schedule (function|clear)
[05:38:58] [Server thread/INFO]: /scoreboard (objectives|players)
[05:38:58] [Server thread/INFO]: /seed
[05:38:58] [Server thread/INFO]: /setblock <pos> <block> [destroy|keep|replace]
[05:38:58] [Server thread/INFO]: /spawnpoint [<targets>]
[05:38:58] [Server thread/INFO]: /setworldspawn [<pos>]
[05:38:58] [Server thread/INFO]: /spectate [<target>]
[05:38:58] [Server thread/INFO]: /spreadplayers <center> <spreadDistance> <maxRange> (<respectTeams>|under)
[05:38:58] [Server thread/INFO]: /stopsound <targets> [*|master|music|record|weather|block|hostile|neutral|player|ambient|voice]
[05:38:58] [Server thread/INFO]: /summon <entity> [<pos>]
[05:38:58] [Server thread/INFO]: /tag <targets> (add|remove|list)
[05:38:58] [Server thread/INFO]: /team (list|add|remove|empty|join|leave|modify)
[05:38:58] [Server thread/INFO]: /teammsg <message>
[05:38:58] [Server thread/INFO]: /tm -> teammsg
[05:38:58] [Server thread/INFO]: /teleport (<location>|<destination>|<targets>)
[05:38:58] [Server thread/INFO]: /tp -> teleport
[05:38:58] [Server thread/INFO]: /tellraw <targets> <message>
[05:38:58] [Server thread/INFO]: /time (set|add|query)
[05:38:58] [Server thread/INFO]: /title <targets> (clear|reset|title|subtitle|actionbar|times)
[05:38:58] [Server thread/INFO]: /trigger <objective> [add|set]
[05:38:58] [Server thread/INFO]: /weather (clear|rain|thunder)
[05:38:58] [Server thread/INFO]: /worldborder (add|set|center|damage|get|warning)
[05:38:58] [Server thread/INFO]: /jfr (start|stop)
[05:38:58] [Server thread/INFO]: /ban-ip <target> [<reason>]
[05:38:58] [Server thread/INFO]: /banlist [ips|players]
[05:38:58] [Server thread/INFO]: /ban <targets> [<reason>]
[05:38:58] [Server thread/INFO]: /deop <targets>
[05:38:58] [Server thread/INFO]: /op <targets>
[05:38:58] [Server thread/INFO]: /pardon <targets>
[05:38:58] [Server thread/INFO]: /pardon-ip <target>
[05:38:58] [Server thread/INFO]: /perf (start|stop)
[05:38:58] [Server thread/INFO]: /save-all [flush]
[05:38:58] [Server thread/INFO]: /save-off
[05:38:58] [Server thread/INFO]: /save-on
[05:38:58] [Server thread/INFO]: /setidletimeout <minutes>
[05:38:58] [Server thread/INFO]: /stop
[05:38:58] [Server thread/INFO]: /whitelist (on|off|list|add|remove|reload)
[05:39:11] [Server thread/INFO]: Noxxxx[/127.190.187.130:58567] logged in with entity id 59 at (-43.00243560980433, 6.0, 240.91172082623453)
[05:39:11] [Server thread/INFO]: Noxxxx joined the game
[05:40:03] [Server thread/INFO]: [Noxxxx: Set own game mode to Spectator Mode]
[05:40:10] [Server thread/WARN]: Noxxxx moved too quickly! 0.34604301278916694,4.125000162664119,9.490627410657481
[05:40:26] [Server thread/INFO]: GiovanyBy14[/127.190.187.130:54057] logged in with entity id 284 at (-53.39302759587614, 96.0, 66.78079638235471)
[05:40:26] [Server thread/INFO]: GiovanyBy14 joined the game
[05:40:26] [Server thread/WARN]: Noxxxx moved too quickly! 0.0,10.125000402331345,0.0
[05:40:33] [Server thread/INFO]: [Noxxxx: Set own game mode to Survival Mode]
[05:40:56] [Server thread/INFO]: GiovanyBy14 lost connection: Disconnected
[05:40:56] [Server thread/INFO]: GiovanyBy14 left the game
[05:40:56] [Server thread/WARN]: handleDisconnection() called twice
[05:41:01] [Server thread/INFO]: FaacuXx7[/127.190.187.130:60725] logged in with entity id 600 at (-311.9562499821186, 94.49520087700593, 263.6177768826687)
[05:41:01] [Server thread/INFO]: FaacuXx7 joined the game
[05:41:07] [Server thread/INFO]: GiovanyBy14[/127.190.187.130:38669] logged in with entity id 824 at (-53.39302759587614, 96.0, 66.78079638235471)
[05:41:07] [Server thread/INFO]: GiovanyBy14 joined the game
[05:41:36] [Server thread/INFO]: <Noxxxx> Dormirrrrrrrrrrrrrrrrrrrrrrrrrrrrrr
[05:41:36] [Server thread/INFO]: <GiovanyBy14> zzzzzzzzzzzzzzzzzzzzzzzzzzzzzzzzzzzzzzzzzzzzzzzzzzzzzzzzzzzzzzzzzzzzzzzzzzzzzzzzzzzzzzzzzzzzzzzzzzzzzzzzzzzzzzzzz
[05:41:43] [Server thread/INFO]: <GiovanyBy14> zzzzzzzzzzzzzzzzzzzzzzzzzzzzzzzzzzzzzzzzzzzzzzzzzzzzzzzzzzzzzzzzzzzzzzzzzzzzzzzzzzzzzzzzzzzzzzzzzzzzzzzzzzzzzzzzzzzzzzzzzzzzzzzzzzzzzzzzzzzzzzzzzzzzzzzzzzzzzzzzzzz
[05:41:45] [Server thread/INFO]: <Noxxxx> zzzzzzzzzzzzzzzzzzz
[05:41:48] [Server thread/INFO]: <GiovanyBy14> zzzzzzzzzzzzzzzzzzzzzzzzzzzzzzzzzzzzzzzzzzzzzzzzzzzzzzzzzzzzzzzzzzzzzzzzzzzzzzzzzzzzzzzzz
[05:42:04] [Server thread/WARN]: Noxxxx moved too quickly! -7.476526175546411,0.2468000194787976,6.777166667200902
[05:42:12] [Server thread/WARN]: GiovanyBy14 moved too quickly! -5.994895702302948,-3.504799122994072,7.261389335900844
[05:43:28] [Server thread/INFO]: [Noxxxx: Teleported GiovanyBy14 to FaacuXx7]
[05:48:47] [Server thread/INFO]: [Noxxxx: Applied effect Levitation to Noxxxx]
[05:48:53] [Server thread/INFO]: FaacuXx7 lost connection: Disconnected
[05:48:53] [Server thread/INFO]: FaacuXx7 left the game
[05:50:57] [Server thread/WARN]: Noxxxx moved too quickly! -7.010848019413402,-0.9986640208878583,7.292329062299217
[05:51:01] [Server thread/WARN]: Noxxxx was kicked for floating too long!
[05:51:01] [Server thread/INFO]: Noxxxx lost connection: Flying is not enabled on this server
[05:51:01] [Server thread/INFO]: Noxxxx left the game
[05:51:12] [Server thread/INFO]: Noxxxx[/127.190.187.130:54551] logged in with entity id 4790 at (-1004.9706911963497, 86.7531999805212, 111.80676846528863)
[05:51:12] [Server thread/INFO]: Noxxxx joined the game
[05:51:21] [Server thread/INFO]: FaacuXx7[/127.190.187.130:39789] logged in with entity id 5050 at (-292.8146057100864, 26.0, 272.69999998807907)
[05:51:21] [Server thread/INFO]: FaacuXx7 joined the game
[05:52:32] [Server thread/INFO]: <Noxxxx> zzzzzzzz
[05:53:27] [Server thread/INFO]: <GiovanyBy14> zzzzzzzzzzzzzzzzzzzzzzzzzzzzzzzzzzzzzzzzzzzzzzzzzzzzzzzzzzzzzzzzzzzzzzzzzzzzzzzzzzzzzzzzzzzzzzzzzzzzzzzzzzzzzzzzzzzzzzzzzzzzzzzzzzzzzzzzzzzzzzzzzzzzzzzzzzzzzzzzzzzzzzzzzzzzzzzzzzzzzzzzzzzzzzzzzzzzzzzzzzzzzzzzzzzzzzzzzzzzzzzzzzzzzzzzzzzzzzzzzzzzzzzzzzzzzzzz
[05:58:46] [Server thread/INFO]: GiovanyBy14 was blown up by Creeper
[05:59:07] [Server thread/INFO]: [Noxxxx: Teleported GiovanyBy14 to FaacuXx7]
[06:03:18] [Server thread/INFO]: [Noxxxx: Teleported GiovanyBy14 to FaacuXx7]
[06:03:57] [Server thread/INFO]: <FaacuXx7> zzzzzzzzzzzzzzzzzzzz
[06:03:57] [Server thread/INFO]: <GiovanyBy14> zzzzzzzzzzzzzzzzzzzzzzzzzzzzzxd
[06:08:18] [Server thread/INFO]: [Noxxxx: Set own game mode to Creative Mode]
[06:08:52] [Server thread/INFO]: [Noxxxx: Set own game mode to Survival Mode]
[06:11:22] [Server thread/INFO]: FaacuXx7 has made the advancement [Isn't It Iron Pick]
[06:12:21] [Server thread/INFO]: FaacuXx7 has made the advancement [Diamonds!]
[06:14:02] [Server thread/INFO]: GiovanyBy14 has made the advancement [Not Today, Thank You]
[06:15:21] [Server thread/INFO]: GiovanyBy14 lost connection: Disconnected
[06:15:21] [Server thread/INFO]: GiovanyBy14 left the game
[06:15:29] [Server thread/INFO]: [Noxxxx: Kicked FaacuXx7: Kicked by an operator]
[06:15:29] [Server thread/INFO]: FaacuXx7 lost connection: Kicked by an operator
[06:15:29] [Server thread/INFO]: FaacuXx7 left the game
[06:15:33] [Server thread/INFO]: FaacuXx7[/127.190.187.130:35375] logged in with entity id 15211 at (-209.69999998807907, -26.0, 157.68133908352303)
[06:15:33] [Server thread/INFO]: FaacuXx7 joined the game
[06:15:38] [Server thread/INFO]: GiovanyBy14[/127.190.187.130:51387] logged in with entity id 15466 at (-340.71605941452435, -28.0, 440.2795093640482)
[06:15:38] [Server thread/INFO]: GiovanyBy14 joined the game
[06:17:58] [Server thread/INFO]: Noxxxx was slain by Iron Golem
[06:17:59] [Server thread/INFO]: Skipping update from removed player 'adj['Noxxxx'/4790, l='ServerLevel[world]', x=-1329.31, y=75.00, z=84.34, removed=KILLED]'
[06:17:59] [Server thread/INFO]: Skipping update from removed player 'adj['Noxxxx'/4790, l='ServerLevel[world]', x=-1329.33, y=75.00, z=84.29, removed=KILLED]'
[06:17:59] [Server thread/INFO]: Skipping update from removed player 'adj['Noxxxx'/4790, l='ServerLevel[world]', x=-1329.34, y=75.00, z=84.25, removed=KILLED]'
[06:21:58] [Server thread/INFO]: FaacuXx7 drowned
[06:21:59] [Server thread/INFO]: GiovanyBy14 drowned
[06:24:10] [Server thread/INFO]: [Noxxxx: Teleported GiovanyBy14 to FaacuXx7]
[06:26:02] [Server thread/INFO]: <Noxxxx> zzzzzzzzzzzzzzzzzzzzzzzzzzzzzzzzzzzzzzzzzzzzzzzzzzzzzzzzzzzzzzzzzzzzzzzzzzzzzzzzzzzzzzzzzzzzzz
[06:26:03] [Server thread/INFO]: <Noxxxx> zzzzzzzzzzzzzzzzzz
[06:26:04] [Server thread/INFO]: <Noxxxx> z
[06:26:04] [Server thread/INFO]: <Noxxxx> z
[06:26:05] [Server thread/INFO]: <Noxxxx> z
[06:26:05] [Server thread/INFO]: <Noxxxx> z
[06:26:05] [Server thread/INFO]: <Noxxxx> z
[06:26:06] [Server thread/INFO]: <Noxxxx> z
[06:26:06] [Server thread/INFO]: <Noxxxx> z
[06:26:06] [Server thread/INFO]: <Noxxxx> z
[06:26:06] [Server thread/INFO]: <Noxxxx> z
[06:26:07] [Server thread/INFO]: <Noxxxx> z
[06:26:07] [Server thread/INFO]: <Noxxxx> zz
[06:26:07] [Server thread/INFO]: <Noxxxx> z
[06:26:07] [Server thread/INFO]: <Noxxxx> z
[06:26:08] [Server thread/INFO]: <Noxxxx> z
[06:26:08] [Server thread/INFO]: <Noxxxx> z
[06:26:09] [Server thread/INFO]: <Noxxxx> z
[06:26:09] [Server thread/INFO]: <Noxxxx> z
[06:26:09] [Server thread/INFO]: <Noxxxx> z
[06:26:10] [Server thread/INFO]: <Noxxxx> z
[06:26:10] [Server thread/INFO]: <Noxxxx> z
[06:26:10] [Server thread/INFO]: <Noxxxx> z
[06:26:11] [Server thread/INFO]: <Noxxxx> z
[06:26:11] [Server thread/INFO]: <Noxxxx> z
[06:26:11] [Server thread/INFO]: <Noxxxx> z
[06:26:12] [Server thread/INFO]: FaacuXx7 fell from a high place
[06:26:12] [Server thread/INFO]: <Noxxxx> z
[06:26:12] [Server thread/INFO]: <Noxxxx> z
[06:26:12] [Server thread/INFO]: <Noxxxx> z
[06:26:13] [Server thread/INFO]: <Noxxxx> z
[06:26:13] [Server thread/INFO]: Skipping update from removed player 'adj['FaacuXx7'/15211, l='ServerLevel[world]', x=-459.17, y=8.00, z=131.44, removed=KILLED]'
[06:26:23] [Server thread/INFO]: [Noxxxx: Kicked FaacuXx7: Kicked by an operator]
[06:26:23] [Server thread/INFO]: FaacuXx7 lost connection: Kicked by an operator
[06:26:23] [Server thread/INFO]: FaacuXx7 left the game
[06:26:28] [Server thread/INFO]: FaacuXx7[/127.190.187.130:44647] logged in with entity id 20870 at (10.5, 72.0, -50.5)
[06:26:28] [Server thread/INFO]: FaacuXx7 joined the game
[06:26:43] [Server thread/INFO]: FaacuXx7 lost connection: Timed out
[06:26:43] [Server thread/INFO]: FaacuXx7 left the game
[06:26:45] [Server thread/INFO]: GiovanyBy14 fell from a high place
[06:26:56] [Server thread/INFO]: FaacuXx7[/127.190.187.130:55339] logged in with entity id 21228 at (10.5, 72.0, -50.5)
[06:26:56] [Server thread/INFO]: FaacuXx7 joined the game
[06:27:27] [Server thread/INFO]: GiovanyBy14 fell from a high place
[06:28:22] [Server thread/WARN]: Mismatch in destroy block pos: gh{x=0, y=0, z=0} gh{x=0, y=62, z=-48}
[06:28:22] [Server thread/WARN]: Mismatch in destroy block pos: gh{x=0, y=0, z=0} gh{x=0, y=62, z=-47}
[06:28:28] [Server thread/WARN]: Mismatch in destroy block pos: gh{x=0, y=0, z=0} gh{x=0, y=61, z=-48}
[06:34:56] [Server thread/INFO]: Noxxxx has made the advancement [What a Deal!]
[06:35:38] [Server thread/INFO]: GiovanyBy14 has made the advancement [Best Friends Forever]
[06:37:38] [Server thread/INFO]: FaacuXx7 has made the advancement [Best Friends Forever]
[06:37:39] [Server thread/INFO]: <Noxxxx> zzzzzzzzzzzzz
[06:37:41] [Server thread/INFO]: <Noxxxx> zzzzzzzzz
[06:37:42] [Server thread/INFO]: <Noxxxx> zzzzzzzzzz
[06:37:43] [Server thread/INFO]: <Noxxxx> zzzzzzz
[06:37:45] [Server thread/INFO]: <Noxxxx> zzz
[06:37:45] [Server thread/INFO]: <Noxxxx> zzz
[06:37:46] [Server thread/INFO]: <Noxxxx> z
[06:37:53] [Server thread/INFO]: <Noxxxx> z
[06:37:53] [Server thread/INFO]: <Noxxxx> z
[06:37:55] [Server thread/INFO]: <Noxxxx> zzzzzzzzzzzzzzzzzz
[06:37:57] [Server thread/INFO]: <FaacuXx7> zz
[06:48:31] [Server thread/INFO]: Noxxxx was slain by Iron Golem
[06:48:32] [Server thread/INFO]: Skipping update from removed player 'adj['Noxxxx'/4790, l='ServerLevel[world]', x=-1291.79, y=77.00, z=103.74, removed=KILLED]'
[06:48:32] [Server thread/INFO]: Skipping update from removed player 'adj['Noxxxx'/4790, l='ServerLevel[world]', x=-1291.81, y=77.00, z=103.82, removed=KILLED]'
[06:48:32] [Server thread/INFO]: Skipping update from removed player 'adj['Noxxxx'/4790, l='ServerLevel[world]', x=-1291.83, y=77.00, z=103.87, removed=KILLED]'
[06:48:32] [Server thread/INFO]: Skipping update from removed player 'adj['Noxxxx'/4790, l='ServerLevel[world]', x=-1291.84, y=77.00, z=103.91, removed=KILLED]'
[06:49:08] [Server thread/INFO]: <Noxxxx> zzzzzzzzzzzzzz
[06:49:09] [Server thread/INFO]: <FaacuXx7> zzzzzzzzzzzzzzzzzzzzzz
[06:49:10] [Server thread/INFO]: <Noxxxx> zzzzzzzzzzzzz
[06:49:10] [Server thread/INFO]: <FaacuXx7> zzzzzzzzzzzzzzzzzzzzzzzzzzzzzzzzzzz
[06:49:11] [Server thread/INFO]: <Noxxxx> zzzzzz
[06:52:47] [Server thread/INFO]: Noxxxx was slain by Iron Golem
[06:52:48] [Server thread/INFO]: Skipping update from removed player 'adj['Noxxxx'/4790, l='ServerLevel[world]', x=-1301.85, y=77.00, z=104.12, removed=KILLED]'
[06:53:01] [Server thread/WARN]: Horse (vehicle of FaacuXx7) moved too quickly! 10.097410264237595,0.701569937410369,2.1096570437927085
[06:53:01] [Server thread/WARN]: Horse (vehicle of FaacuXx7) moved too quickly! 10.318051983068415,0.701569937410369,1.9780766905099654
[06:53:01] [Server thread/WARN]: Horse (vehicle of FaacuXx7) moved too quickly! 10.436112967693504,0.701569937410369,1.9076706668976158
[06:53:01] [Server thread/WARN]: Horse (vehicle of FaacuXx7) moved too quickly! 10.499285046684292,0.701569937410369,1.8699978074073442
[06:53:01] [Server thread/WARN]: Horse (vehicle of FaacuXx7) moved too quickly! 10.533087166636903,0.701569937410369,1.849839811409879
[06:53:01] [Server thread/WARN]: Horse (vehicle of FaacuXx7) moved too quickly! 10.551174007081983,0.701569937410369,1.8390536696587105
[06:53:01] [Server thread/WARN]: Horse (vehicle of FaacuXx7) moved too quickly! 10.560851914791442,0.701569937410369,1.8332822202601164
[06:53:01] [Server thread/WARN]: Horse (vehicle of FaacuXx7) moved too quickly! 10.566030370250104,0.701569937410369,1.8301940327572765
[06:53:01] [Server thread/WARN]: Horse (vehicle of FaacuXx7) moved too quickly! 10.566030370250104,0.701569937410369,1.8301940327572765
[06:53:01] [Server thread/WARN]: Horse (vehicle of FaacuXx7) moved too quickly! 10.566030370250104,0.701569937410369,1.8301940327572765
[06:53:01] [Server thread/WARN]: Horse (vehicle of FaacuXx7) moved too quickly! 10.790229374444976,0.701569937410369,1.8291622745667837
[06:53:01] [Server thread/WARN]: Horse (vehicle of FaacuXx7) moved too quickly! 11.133760517759384,0.701569937410369,1.8123045942501221
[06:53:01] [Server thread/WARN]: Horse (vehicle of FaacuXx7) moved too quickly! 11.536410724699635,0.701569937410369,1.7545181858349679
[06:53:01] [Server thread/WARN]: Horse (vehicle of FaacuXx7) moved too quickly! 11.964583969298673,0.701569937410369,1.652780291732597
[06:53:01] [Server thread/WARN]: Horse (vehicle of FaacuXx7) moved too quickly! 12.397848676272815,0.701569937410369,1.505682378614324
[06:53:01] [Server thread/WARN]: Horse (vehicle of FaacuXx7) moved too quickly! 12.829241500395568,0.701569937410369,1.3247897588065598
[06:53:01] [Server thread/WARN]: Horse (vehicle of FaacuXx7) moved too quickly! 13.257177692341202,0.701569937410369,1.1211553678361952
[06:53:01] [Server thread/WARN]: Horse (vehicle of FaacuXx7) moved too quickly! 13.486157816524127,0.6247379359150074,1.012194665259699
[06:53:01] [Server thread/WARN]: Horse (vehicle of FaacuXx7) moved too quickly! 13.608680515603254,0.4741164787473622,0.9538919657530869
[06:53:01] [Server thread/WARN]: Horse (vehicle of FaacuXx7) moved too quickly! 13.717946261791042,0.2526276269727674,0.9018976168346171
[06:53:01] [Server thread/WARN]: Horse (vehicle of FaacuXx7) moved too quickly! 13.815389457049605,-0.03692227190698816,0.8555290551328198
[06:53:01] [Server thread/WARN]: Horse (vehicle of FaacuXx7) moved too quickly! 13.90228930108563,-0.298430062589631,0.8141775706153567
[06:53:01] [Server thread/WARN]: Horse (vehicle of FaacuXx7) moved too quickly! 14.196687771683884,-0.298430062589631,0.7205540953297032
[06:53:01] [Server thread/WARN]: Horse (vehicle of FaacuXx7) moved too quickly! 14.577886393420073,-0.298430062589631,0.6858578474650585
[06:53:01] [Server thread/WARN]: Horse (vehicle of FaacuXx7) moved too quickly! 14.95892345833468,-0.298430062589631,0.8048212960968613
[06:53:01] [Server thread/WARN]: Horse (vehicle of FaacuXx7) moved too quickly! 15.293045590343894,-0.298430062589631,1.0509718504879402
[06:53:01] [Server thread/WARN]: Horse (vehicle of FaacuXx7) moved too quickly! 15.537053882222864,-0.37526206408499263,1.3971857297070756
[06:53:01] [Server thread/WARN]: Horse (vehicle of FaacuXx7) moved too quickly! 15.67029617293909,-0.5258835212526378,1.6046974605571904
[06:53:01] [Server thread/WARN]: Horse (vehicle of FaacuXx7) moved too quickly! 15.79174233993922,-0.7473723730272326,1.8120228724219487
[06:53:01] [Server thread/WARN]: Horse (vehicle of FaacuXx7) moved too quickly! 15.902726353523576,-1.0369222719069882,2.019175266891466
[06:53:01] [Server thread/WARN]: Horse (vehicle of FaacuXx7) moved too quickly! 16.004380218422853,-1.298430062589631,2.2261733644435253
[06:53:01] [Server thread/WARN]: Horse (vehicle of FaacuXx7) moved too quickly! 16.121818325511725,-1.298430062589631,2.6333701451852676
[06:53:01] [Server thread/WARN]: Horse (vehicle of FaacuXx7) moved too quickly! 16.184657115151737,-1.298430062589631,2.8512530239322587
[06:53:01] [Server thread/WARN]: Horse (vehicle of FaacuXx7) moved too quickly! 16.250880371604723,-1.298430062589631,3.189656502458206
[06:53:01] [Server thread/WARN]: Horse (vehicle of FaacuXx7) moved too quickly! 16.308440430109528,-1.298430062589631,3.59383645380251
[06:53:01] [Server thread/WARN]: Horse (vehicle of FaacuXx7) moved too quickly! 16.361364984117756,-1.298430062589631,4.033212084310549
[06:53:01] [Server thread/WARN]: Horse (vehicle of FaacuXx7) moved too quickly! 16.347526605900867,-1.298430062589631,4.488515462691112
[06:53:01] [Server thread/WARN]: Horse (vehicle of FaacuXx7) moved too quickly! 16.21739126936785,-0.298430062589631,4.919765006938292
[06:53:01] [Server thread/WARN]: Horse (vehicle of FaacuXx7) moved too quickly! 15.987877174976632,-0.298430062589631,5.307693867750004
[06:53:01] [Server thread/WARN]: Horse (vehicle of FaacuXx7) moved too quickly! 15.664440718213001,-0.298430062589631,5.615340084564082
[06:53:01] [Server thread/WARN]: Horse (vehicle of FaacuXx7) moved too quickly! 15.491376318826013,-0.298430062589631,5.779955441377524
[06:53:01] [Server thread/WARN]: Horse (vehicle of FaacuXx7) moved too quickly! 15.3987730092459,-0.298430062589631,5.868037836732242
[06:53:01] [Server thread/WARN]: Horse (vehicle of FaacuXx7) moved too quickly! 15.349222824600389,-0.298430062589631,5.915168970313061
[06:53:01] [Server thread/WARN]: Horse (vehicle of FaacuXx7) moved too quickly! 15.322709508720692,-0.298430062589631,5.940387900198743
[06:53:01] [Server thread/WARN]: Horse (vehicle of FaacuXx7) moved too quickly! 15.308522762011961,-0.298430062589631,5.9538820467693085
[06:53:01] [Server thread/WARN]: Horse (vehicle of FaacuXx7) moved too quickly! 15.300931716701314,-0.298430062589631,5.9611024955549965
[06:53:01] [Server thread/WARN]: Horse (vehicle of FaacuXx7) moved too quickly! 15.296869899704717,-0.298430062589631,5.964966013739968
[06:54:32] [Server thread/INFO]: GiovanyBy14 has made the advancement [Ice Bucket Challenge]
[06:55:37] [Server thread/WARN]: Horse (vehicle of FaacuXx7) moved wrongly! 0.39075305851264375
